{"C:\\Users\\USUARIO\\Desktop\\CURSOS\\LABORATORIA\\LIM013-card-validation\\src\\validator.js": {"path":"C:\\Users\\USUARIO\\Desktop\\CURSOS\\LABORATORIA\\LIM013-card-validation\\src\\validator.js","statementMap":{"0":{"start":{"line":1,"column":17},"end":{"line":48,"column":1}},"1":{"start":{"line":3,"column":4},"end":{"line":11,"column":5}},"2":{"start":{"line":4,"column":28},"end":{"line":4,"column":139}},"3":{"start":{"line":5,"column":6},"end":{"line":5,"column":31}},"4":{"start":{"line":9,"column":30},"end":{"line":9,"column":46}},"5":{"start":{"line":10,"column":6},"end":{"line":10,"column":31}},"6":{"start":{"line":16,"column":15},"end":{"line":16,"column":16}},"7":{"start":{"line":17,"column":26},"end":{"line":17,"column":28}},"8":{"start":{"line":18,"column":26},"end":{"line":18,"column":28}},"9":{"start":{"line":19,"column":4},"end":{"line":21,"column":5}},"10":{"start":{"line":19,"column":18},"end":{"line":19,"column":19}},"11":{"start":{"line":20,"column":6},"end":{"line":20,"column":55}},"12":{"start":{"line":23,"column":31},"end":{"line":23,"column":56}},"13":{"start":{"line":24,"column":4},"end":{"line":41,"column":5}},"14":{"start":{"line":24,"column":18},"end":{"line":24,"column":19}},"15":{"start":{"line":25,"column":6},"end":{"line":40,"column":7}},"16":{"start":{"line":26,"column":20},"end":{"line":26,"column":45}},"17":{"start":{"line":27,"column":8},"end":{"line":35,"column":9}},"18":{"start":{"line":28,"column":26},"end":{"line":28,"column":53}},"19":{"start":{"line":29,"column":10},"end":{"line":29,"column":66}},"20":{"start":{"line":30,"column":10},"end":{"line":30,"column":34}},"21":{"start":{"line":32,"column":26},"end":{"line":32,"column":51}},"22":{"start":{"line":33,"column":10},"end":{"line":33,"column":65}},"23":{"start":{"line":34,"column":10},"end":{"line":34,"column":34}},"24":{"start":{"line":38,"column":8},"end":{"line":38,"column":77}},"25":{"start":{"line":39,"column":8},"end":{"line":39,"column":46}},"26":{"start":{"line":42,"column":4},"end":{"line":42,"column":59}},"27":{"start":{"line":43,"column":4},"end":{"line":43,"column":80}},"28":{"start":{"line":44,"column":4},"end":{"line":44,"column":86}},"29":{"start":{"line":45,"column":4},"end":{"line":45,"column":25}}},"fnMap":{"0":{"name":"(anonymous_0)","decl":{"start":{"line":2,"column":10},"end":{"line":2,"column":11}},"loc":{"start":{"line":2,"column":37},"end":{"line":13,"column":3}},"line":2},"1":{"name":"(anonymous_1)","decl":{"start":{"line":15,"column":10},"end":{"line":15,"column":11}},"loc":{"start":{"line":15,"column":37},"end":{"line":46,"column":3}},"line":15}},"branchMap":{"0":{"loc":{"start":{"line":3,"column":4},"end":{"line":11,"column":5}},"type":"if","locations":[{"start":{"line":3,"column":4},"end":{"line":11,"column":5}},{"start":{"line":3,"column":4},"end":{"line":11,"column":5}}],"line":3},"1":{"loc":{"start":{"line":25,"column":6},"end":{"line":40,"column":7}},"type":"if","locations":[{"start":{"line":25,"column":6},"end":{"line":40,"column":7}},{"start":{"line":25,"column":6},"end":{"line":40,"column":7}}],"line":25},"2":{"loc":{"start":{"line":27,"column":8},"end":{"line":35,"column":9}},"type":"if","locations":[{"start":{"line":27,"column":8},"end":{"line":35,"column":9}},{"start":{"line":27,"column":8},"end":{"line":35,"column":9}}],"line":27}},"s":{"0":1,"1":3,"2":2,"3":2,"4":1,"5":1,"6":3,"7":3,"8":3,"9":3,"10":3,"11":34,"12":3,"13":3,"14":3,"15":34,"16":16,"17":16,"18":8,"19":8,"20":8,"21":8,"22":8,"23":8,"24":18,"25":18,"26":3,"27":3,"28":3,"29":3},"f":{"0":3,"1":3},"b":{"0":[2,1],"1":[16,18],"2":[8,8]},"_coverageSchema":"1a1c01bbd47fc00a2c39e90264f33305004495a9","hash":"486b176df308a3b3a3fea3fb90cd654c94b16b0f"}
}
